#
# A fatal error has been detected by the Java Runtime Environment:
#
#  SIGSEGV (0xb) at pc=0x00007f6987dbe65d, pid=19299, tid=0x00007f6989195700
#
# JRE version: OpenJDK Runtime Environment (8.0_242-b08) (build 1.8.0_242-8u242-b08-0ubuntu3~16.04-b08)
# Java VM: OpenJDK 64-Bit Server VM (25.242-b08 mixed mode linux-amd64 compressed oops)
# Problematic frame:
# V  [libjvm.so+0x99265d]
#
# Failed to write core dump. Core dumps have been disabled. To enable core dumping, try "ulimit -c unlimited" before starting Java again
#
# If you would like to submit a bug report, please visit:
#   http://bugreport.java.com/bugreport/crash.jsp
#

---------------  T H R E A D  ---------------

Current thread (0x00007f698000e800):  JavaThread "main" [_thread_in_vm, id=19304, stack(0x00007f6989095000,0x00007f6989196000)]

siginfo: si_signo: 11 (SIGSEGV), si_code: 1 (SEGV_MAPERR), si_addr: 0x0000000000000008

Registers:
RAX=0x0000000000000000, RBX=0x00007f69891947f0, RCX=0x0000000000000000, RDX=0x0000000000000028
RSP=0x00007f6989194690, RBP=0x00007f69891947b0, RSI=0x0000000000000000, RDI=0x00007f69891947f0
R8 =0x00007f6971000000, R9 =0x0000000000000006, R10=0x0000000000000005, R11=0x00065f9946f00405
R12=0x00007f698773b2a0, R13=0x00007f69891947f0, R14=0x0000000000000000, R15=0x00007f698000ebc0
RIP=0x00007f6987dbe65d, EFLAGS=0x0000000000010246, CSGSFS=0x002b000000000033, ERR=0x0000000000000004
  TRAPNO=0x000000000000000e

Top of Stack: (sp=0x00007f6989194690)
0x00007f6989194690:   00007f698000bbe8 00007f69891946f0
0x00007f69891946a0:   0000000000000004 0000000000000000
0x00007f69891946b0:   00007f69891946d0 00007f6987e126a4
0x00007f69891946c0:   000000010007a700 000000010007a700
0x00007f69891946d0:   00007f6989194740 00007f6987a4f3c9
0x00007f69891946e0:   00007f6900000000 000000000000731f
0x00007f69891946f0:   00007f698000e800 00007f698000bbe8
0x00007f6989194700:   0000000000000001 00007f6987e57b01
0x00007f6989194710:   00007f69891948a0 3b4b096d9f7a1f00
0x00007f6989194720:   000000010007a700 00007f6989194770
0x00007f6989194730:   00007f6989194790 000000010007a700
0x00007f6989194740:   00007f6989194890 00007f6987a55bf1
0x00007f6989194750:   00007f6900000014 00007f6980014a58
0x00007f6989194760:   00007f69891948b0 00007f6989194840
0x00007f6989194770:   00007f698000e800 00007f698000bbe0
0x00007f6989194780:   0000000000000001 00007f698000bc01
0x00007f6989194790:   00007f698000bb10 3b4b096d9f7a1f00
0x00007f69891947a0:   00007f698000ebd0 00007f6987f26bc8
0x00007f69891947b0:   00007f69891947e0 00007f6987dbe6f6
0x00007f69891947c0:   00007f698000f7d4 00007f69891947f0
0x00007f69891947d0:   00007f69891948f0 00007f698000bb10
0x00007f69891947e0:   00007f6989194830 00007f69879969e2
0x00007f69891947f0:   00007f698829e4f8 0000000000000000
0x00007f6989194800:   0000000000000000 0000000000000063
0x00007f6989194810:   00007f6900000000 3b4b096d9f7a1f00
0x00007f6989194820:   00007f698000e800 00007f69891948c0
0x00007f6989194830:   00007f6989194970 00007f6987a8992b
0x00007f6989194840:   00007f69891949b0 00007f697102fb7f
0x00007f6989194850:   00000000000003d8 00007f69891948a0
0x00007f6989194860:   00007f698000ebd0 00007f698000efa8
0x00007f6989194870:   000000b78000e800 0000000000000000
0x00007f6989194880:   00007f698000e9c0 00007f69891948f0 

Instructions: (pc=0x00007f6987dbe65d)
0x00007f6987dbe63d:   81 ec 18 01 00 00 48 63 4f 10 48 8b 77 08 64 48
0x00007f6987dbe64d:   8b 04 25 28 00 00 00 48 89 45 e8 31 c0 48 89 c8
0x00007f6987dbe65d:   0f be 4c 0e 08 39 ca 74 35 48 8d bd e0 fe ff ff
0x00007f6987dbe66d:   48 8d 35 6c 86 16 00 31 c0 e8 05 d9 93 ff 48 8b 

Register to memory mapping:

RAX=0x0000000000000000 is an unknown value
RBX=0x00007f69891947f0 is pointing into the stack for thread: 0x00007f698000e800
RCX=0x0000000000000000 is an unknown value
RDX=0x0000000000000028 is an unknown value
RSP=0x00007f6989194690 is pointing into the stack for thread: 0x00007f698000e800
RBP=0x00007f69891947b0 is pointing into the stack for thread: 0x00007f698000e800
RSI=0x0000000000000000 is an unknown value
RDI=0x00007f69891947f0 is pointing into the stack for thread: 0x00007f698000e800
R8 =0x00007f6971000000 is an unknown value
R9 =0x0000000000000006 is an unknown value
R10=0x0000000000000005 is an unknown value
R11=0x00065f9946f00405 is an unknown value
R12=0x00007f698773b2a0: <offset 0x30f2a0> in /usr/lib/jvm/java-8-openjdk-amd64/jre/lib/amd64/server/libjvm.so at 0x00007f698742c000
R13=0x00007f69891947f0 is pointing into the stack for thread: 0x00007f698000e800
R14=0x0000000000000000 is an unknown value
R15=0x00007f698000ebc0 is an unknown value


Stack: [0x00007f6989095000,0x00007f6989196000],  sp=0x00007f6989194690,  free space=1021k
Native frames: (J=compiled Java code, j=interpreted, Vv=VM code, C=native code)
V  [libjvm.so+0x99265d]
V  [libjvm.so+0x9926f6]
V  [libjvm.so+0x56a9e2]
V  [libjvm.so+0x65d92b]
j  graph.ShortestPathUnweightedGraph.main([Ljava/lang/String;)V+13
v  ~StubRoutines::call_stub
V  [libjvm.so+0x66ade0]
V  [libjvm.so+0x68d88e]
V  [libjvm.so+0x6901bf]
C  [libjli.so+0x3552]
C  [libjli.so+0x74ed]
C  [libpthread.so.0+0x76ba]  start_thread+0xca

Java frames: (J=compiled Java code, j=interpreted, Vv=VM code)
j  graph.ShortestPathUnweightedGraph.main([Ljava/lang/String;)V+13
v  ~StubRoutines::call_stub

---------------  P R O C E S S  ---------------

Java Threads: ( => current thread )
  0x00007f6980384000 JavaThread "Service Thread" daemon [_thread_blocked, id=19326, stack(0x00007f6968c20000,0x00007f6968d21000)]
  0x00007f6980381000 JavaThread "C1 CompilerThread2" daemon [_thread_blocked, id=19325, stack(0x00007f6968d21000,0x00007f6968e22000)]
  0x00007f69803a4800 JavaThread "C2 CompilerThread1" daemon [_thread_blocked, id=19324, stack(0x00007f6968e22000,0x00007f6968f23000)]
  0x00007f69803a3000 JavaThread "C2 CompilerThread0" daemon [_thread_blocked, id=19323, stack(0x00007f6968f23000,0x00007f6969024000)]
  0x00007f6948001000 JavaThread "JDWP Command Reader" daemon [_thread_in_native, id=19319, stack(0x00007f696944f000,0x00007f6969550000)]
  0x00007f6980190800 JavaThread "JDWP Event Helper Thread" daemon [_thread_blocked, id=19317, stack(0x00007f6969550000,0x00007f6969651000)]
  0x00007f698018d000 JavaThread "JDWP Transport Listener: dt_socket" daemon [_thread_blocked, id=19315, stack(0x00007f6969651000,0x00007f6969752000)]
  0x00007f6980180800 JavaThread "Signal Dispatcher" daemon [_thread_blocked, id=19313, stack(0x00007f6969957000,0x00007f6969a58000)]
  0x00007f6980151000 JavaThread "Finalizer" daemon [_thread_blocked, id=19312, stack(0x00007f6969a58000,0x00007f6969b59000)]
  0x00007f698014c800 JavaThread "Reference Handler" daemon [_thread_blocked, id=19311, stack(0x00007f6969b59000,0x00007f6969c5a000)]
=>0x00007f698000e800 JavaThread "main" [_thread_in_vm, id=19304, stack(0x00007f6989095000,0x00007f6989196000)]

Other Threads:
  0x00007f6980143000 VMThread [stack: 0x00007f6969c5a000,0x00007f6969d5b000] [id=19310]
  0x00007f6980386800 WatcherThread [stack: 0x00007f6968b1f000,0x00007f6968c20000] [id=19327]

VM state:not at safepoint (normal execution)

VM Mutex/Monitor currently owned by a thread: None

heap address: 0x00000000c4c00000, size: 948 MB, Compressed Oops mode: 32-bit
Narrow klass base: 0x0000000000000000, Narrow klass shift: 3
Compressed class space size: 1073741824 Address: 0x0000000100000000

Heap:
 PSYoungGen      total 17920K, used 5900K [0x00000000ec400000, 0x00000000ed800000, 0x0000000100000000)
  eden space 15360K, 38% used [0x00000000ec400000,0x00000000ec9c3358,0x00000000ed300000)
  from space 2560K, 0% used [0x00000000ed580000,0x00000000ed580000,0x00000000ed800000)
  to   space 2560K, 0% used [0x00000000ed300000,0x00000000ed300000,0x00000000ed580000)
 ParOldGen       total 40960K, used 0K [0x00000000c4c00000, 0x00000000c7400000, 0x00000000ec400000)
  object space 40960K, 0% used [0x00000000c4c00000,0x00000000c4c00000,0x00000000c7400000)
 Metaspace       used 5002K, capacity 5090K, committed 5248K, reserved 1056768K
  class space    used 508K, capacity 529K, committed 640K, reserved 1048576K

Card table byte_map: [0x00007f6984c3e000,0x00007f6984e19000] byte_map_base: 0x00007f6984618000

Marking Bits: (ParMarkBitMap*) 0x00007f69883645c0
 Begin Bits: [0x00007f696a260000, 0x00007f696b130000)
 End Bits:   [0x00007f696b130000, 0x00007f696c000000)

Polling page: 0x00007f69891b8000

CodeCache: size=245760Kb used=1351Kb max_used=1358Kb free=244408Kb
 bounds [0x00007f6971000000, 0x00007f6971270000, 0x00007f6980000000]
 total_blobs=403 nmethods=115 adapters=211
 compilation: enabled

Compilation events (10 events):
Event: 87.420 Thread 0x00007f6980381000  113       3       org.eclipse.jdt.launching.internal.org.objectweb.asm.SymbolTable::addConstantUtf8 (98 bytes)
Event: 87.420 Thread 0x00007f69803a3000  112       4       org.eclipse.jdt.launching.internal.org.objectweb.asm.ClassReader::readUnsignedShort (26 bytes)
Event: 87.432 Thread 0x00007f6980381000 nmethod 113 0x00007f697114fe50 code [0x00007f6971150040, 0x00007f6971150818]
Event: 87.432 Thread 0x00007f6980381000  109       3       org.eclipse.jdt.launching.internal.org.objectweb.asm.SymbolTable::hash (10 bytes)
Event: 87.432 Thread 0x00007f6980381000 nmethod 109 0x00007f6971150c50 code [0x00007f6971150dc0, 0x00007f6971150fc8]
Event: 87.433 Thread 0x00007f69803a3000 nmethod 112 0x00007f6971153d90 code [0x00007f6971153ee0, 0x00007f6971153ff8]
Event: 122.085 Thread 0x00007f6980381000  114       3       org.eclipse.jdt.launching.internal.org.objectweb.asm.ClassReader::readUTF (44 bytes)
Event: 122.086 Thread 0x00007f6980381000 nmethod 114 0x00007f69711533d0 code [0x00007f6971153560, 0x00007f69711539e8]
Event: 122.086 Thread 0x00007f6980381000  115       3       org.eclipse.jdt.launching.internal.org.objectweb.asm.ClassReader::createDebugLabel (23 bytes)
Event: 122.086 Thread 0x00007f6980381000 nmethod 115 0x00007f6971152a50 code [0x00007f6971152be0, 0x00007f69711530b0]

GC Heap History (0 events):
No events

Deoptimization events (0 events):
No events

Classes redefined (2 events):
Event: 87.431 Thread 0x00007f6980143000 redefined class name=graph.ShortestPathUnweightedGraph, count=1
Event: 122.087 Thread 0x00007f6980143000 redefined class name=graph.ShortestPathUnweightedGraph, count=2

Internal exceptions (2 events):
Event: 0.028 Thread 0x00007f698000e800 Exception <a 'java/lang/NoSuchMethodError': Method sun.misc.Unsafe.defineClass(Ljava/lang/String;[BII)Ljava/lang/Class; name or signature does not match> (0x00000000ec407cc8) thrown at [/build/openjdk-8-Wut_v1/openjdk-8-8u242-b08/src/hotspot/src/share/vm/
Event: 0.028 Thread 0x00007f698000e800 Exception <a 'java/lang/NoSuchMethodError': Method sun.misc.Unsafe.prefetchRead(Ljava/lang/Object;J)V name or signature does not match> (0x00000000ec407fb0) thrown at [/build/openjdk-8-Wut_v1/openjdk-8-8u242-b08/src/hotspot/src/share/vm/prims/jni.cpp, lin

Events (10 events):
Event: 122.105 Executing VM operation: ChangeBreakpoints
Event: 122.105 Executing VM operation: ChangeBreakpoints done
Event: 122.189 Executing VM operation: GetOwnedMonitorInfo
Event: 122.189 Executing VM operation: GetOwnedMonitorInfo done
Event: 122.189 Executing VM operation: GetCurrentContendedMonitor
Event: 122.189 Executing VM operation: GetCurrentContendedMonitor done
Event: 127.283 loading class java/util/LinkedList
Event: 127.283 loading class java/util/AbstractSequentialList
Event: 127.283 loading class java/util/AbstractSequentialList done
Event: 127.283 loading class java/util/LinkedList done


Dynamic libraries:
00400000-00401000 r-xp 00000000 08:02 8520490                            /usr/lib/jvm/java-8-openjdk-amd64/jre/bin/java
00600000-00601000 r--p 00000000 08:02 8520490                            /usr/lib/jvm/java-8-openjdk-amd64/jre/bin/java
00601000-00602000 rw-p 00001000 08:02 8520490                            /usr/lib/jvm/java-8-openjdk-amd64/jre/bin/java
013ae000-013cf000 rw-p 00000000 00:00 0                                  [heap]
c4c00000-c7400000 rw-p 00000000 00:00 0 
c7400000-ec400000 ---p 00000000 00:00 0 
ec400000-ed800000 rw-p 00000000 00:00 0 
ed800000-100000000 ---p 00000000 00:00 0 
100000000-1000a0000 rw-p 00000000 00:00 0 
1000a0000-140000000 ---p 00000000 00:00 0 
7f6924000000-7f6924021000 rw-p 00000000 00:00 0 
7f6924021000-7f6928000000 ---p 00000000 00:00 0 
7f692c000000-7f692c101000 rw-p 00000000 00:00 0 
7f692c101000-7f6930000000 ---p 00000000 00:00 0 
7f6930000000-7f6930021000 rw-p 00000000 00:00 0 
7f6930021000-7f6934000000 ---p 00000000 00:00 0 
7f6934000000-7f693413d000 rw-p 00000000 00:00 0 
7f693413d000-7f6938000000 ---p 00000000 00:00 0 
7f6938000000-7f693807c000 rw-p 00000000 00:00 0 
7f693807c000-7f693c000000 ---p 00000000 00:00 0 
7f693c000000-7f693c021000 rw-p 00000000 00:00 0 
7f693c021000-7f6940000000 ---p 00000000 00:00 0 
7f6940000000-7f6940021000 rw-p 00000000 00:00 0 
7f6940021000-7f6944000000 ---p 00000000 00:00 0 
7f6944000000-7f6944021000 rw-p 00000000 00:00 0 
7f6944021000-7f6948000000 ---p 00000000 00:00 0 
7f6948000000-7f6948021000 rw-p 00000000 00:00 0 
7f6948021000-7f694c000000 ---p 00000000 00:00 0 
7f694c000000-7f694c021000 rw-p 00000000 00:00 0 
7f694c021000-7f6950000000 ---p 00000000 00:00 0 
7f6950000000-7f6950021000 rw-p 00000000 00:00 0 
7f6950021000-7f6954000000 ---p 00000000 00:00 0 
7f6954000000-7f6954021000 rw-p 00000000 00:00 0 
7f6954021000-7f6958000000 ---p 00000000 00:00 0 
7f6958000000-7f6958021000 rw-p 00000000 00:00 0 
7f6958021000-7f695c000000 ---p 00000000 00:00 0 
7f695c000000-7f695c021000 rw-p 00000000 00:00 0 
7f695c021000-7f6960000000 ---p 00000000 00:00 0 
7f6960fff000-7f6964000000 rw-p 00000000 00:00 0 
7f6964000000-7f6964021000 rw-p 00000000 00:00 0 
7f6964021000-7f6968000000 ---p 00000000 00:00 0 
7f6968b1f000-7f6968b20000 ---p 00000000 00:00 0 
7f6968b20000-7f6968c20000 rw-p 00000000 00:00 0 
7f6968c20000-7f6968c23000 ---p 00000000 00:00 0 
7f6968c23000-7f6968d21000 rw-p 00000000 00:00 0 
7f6968d21000-7f6968d24000 ---p 00000000 00:00 0 
7f6968d24000-7f6968e22000 rw-p 00000000 00:00 0 
7f6968e22000-7f6968e25000 ---p 00000000 00:00 0 
7f6968e25000-7f6968f23000 rw-p 00000000 00:00 0 
7f6968f23000-7f6968f26000 ---p 00000000 00:00 0 
7f6968f26000-7f6969024000 rw-p 00000000 00:00 0 
7f6969024000-7f696903b000 r-xp 00000000 08:02 8527362                    /usr/lib/jvm/java-8-openjdk-amd64/jre/lib/amd64/libnet.so
7f696903b000-7f696923a000 ---p 00017000 08:02 8527362                    /usr/lib/jvm/java-8-openjdk-amd64/jre/lib/amd64/libnet.so
7f696923a000-7f696923b000 r--p 00016000 08:02 8527362                    /usr/lib/jvm/java-8-openjdk-amd64/jre/lib/amd64/libnet.so
7f696923b000-7f696923c000 rw-p 00017000 08:02 8527362                    /usr/lib/jvm/java-8-openjdk-amd64/jre/lib/amd64/libnet.so
7f696923c000-7f696924d000 r-xp 00000000 08:02 8527366                    /usr/lib/jvm/java-8-openjdk-amd64/jre/lib/amd64/libnio.so
7f696924d000-7f696944d000 ---p 00011000 08:02 8527366                    /usr/lib/jvm/java-8-openjdk-amd64/jre/lib/amd64/libnio.so
7f696944d000-7f696944e000 r--p 00011000 08:02 8527366                    /usr/lib/jvm/java-8-openjdk-amd64/jre/lib/amd64/libnio.so
7f696944e000-7f696944f000 rw-p 00012000 08:02 8527366                    /usr/lib/jvm/java-8-openjdk-amd64/jre/lib/amd64/libnio.so
7f696944f000-7f6969452000 ---p 00000000 00:00 0 
7f6969452000-7f6969550000 rw-p 00000000 00:00 0 
7f6969550000-7f6969553000 ---p 00000000 00:00 0 
7f6969553000-7f6969651000 rw-p 00000000 00:00 0 
7f6969651000-7f6969654000 ---p 00000000 00:00 0 
7f6969654000-7f6969752000 rw-p 00000000 00:00 0 
7f6969752000-7f6969756000 r-xp 00000000 08:02 8527337                    /usr/lib/jvm/java-8-openjdk-amd64/jre/lib/amd64/libdt_socket.so
7f6969756000-7f6969955000 ---p 00004000 08:02 8527337                    /usr/lib/jvm/java-8-openjdk-amd64/jre/lib/amd64/libdt_socket.so
7f6969955000-7f6969956000 r--p 00003000 08:02 8527337                    /usr/lib/jvm/java-8-openjdk-amd64/jre/lib/amd64/libdt_socket.so
7f6969956000-7f6969957000 rw-p 00004000 08:02 8527337                    /usr/lib/jvm/java-8-openjdk-amd64/jre/lib/amd64/libdt_socket.so
7f6969957000-7f696995a000 ---p 00000000 00:00 0 
7f696995a000-7f6969a58000 rw-p 00000000 00:00 0 
7f6969a58000-7f6969a5b000 ---p 00000000 00:00 0 
7f6969a5b000-7f6969b59000 rw-p 00000000 00:00 0 
7f6969b59000-7f6969b5c000 ---p 00000000 00:00 0 
7f6969b5c000-7f6969c5a000 rw-p 00000000 00:00 0 
7f6969c5a000-7f6969c5b000 ---p 00000000 00:00 0 
7f6969c5b000-7f696c000000 rw-p 00000000 00:00 0 
7f696c000000-7f696c021000 rw-p 00000000 00:00 0 
7f696c021000-7f6970000000 ---p 00000000 00:00 0 
7f697008d000-7f697008f000 r--s 00016000 08:02 8390904                    /usr/lib/jvm/java-8-openjdk-amd64/jre/lib/jce.jar
7f697008f000-7f6970094000 r--s 000a3000 08:02 8390897                    /usr/lib/jvm/java-8-openjdk-amd64/jre/lib/jsse.jar
7f6970094000-7f6970097000 r--s 0001d000 08:02 22550708                   /home/vinit/.eclipse/org.springsource.sts_3.9.5.RELEASE_1093489691_linux_gtk_x86_64/configuration/org.eclipse.osgi/311/0/.cp/lib/javaagent-shaded.jar
7f6970097000-7f697009c000 r--s 002f9000 08:02 8390901                    /usr/lib/jvm/java-8-openjdk-amd64/jre/lib/charsets.jar
7f697009c000-7f69700a1000 r--s 000a3000 08:02 8390897                    /usr/lib/jvm/java-8-openjdk-amd64/jre/lib/jsse.jar
7f69700a1000-7f69700b4000 r--s 00346000 08:02 8390903                    /usr/lib/jvm/java-8-openjdk-amd64/jre/lib/resources.jar
7f69700b4000-7f69700cf000 r--s 00394000 08:02 8527322                    /usr/lib/jvm/java-8-openjdk-amd64/jre/lib/ext/cldrdata.jar
7f69700cf000-7f69700d4000 r--s 0003d000 08:02 8527323                    /usr/lib/jvm/java-8-openjdk-amd64/jre/lib/ext/sunjce_provider.jar
7f69700d4000-7f69700ef000 r--s 001d6000 08:02 8527319                    /usr/lib/jvm/java-8-openjdk-amd64/jre/lib/ext/nashorn.jar
7f69700ef000-7f69700f9000 r--s 00116000 08:02 8527321                    /usr/lib/jvm/java-8-openjdk-amd64/jre/lib/ext/localedata.jar
7f69700f9000-7f6970c80000 rw-p 00000000 00:00 0 
7f6970c80000-7f6971000000 ---p 00000000 00:00 0 
7f6971000000-7f6971270000 rwxp 00000000 00:00 0 
7f6971270000-7f6980000000 ---p 00000000 00:00 0 
7f6980000000-7f69803e0000 rw-p 00000000 00:00 0 
7f69803e0000-7f6984000000 ---p 00000000 00:00 0 
7f6984000000-7f6984002000 r--s 00016000 08:02 8390904                    /usr/lib/jvm/java-8-openjdk-amd64/jre/lib/jce.jar
7f6984002000-7f6984003000 r--s 00010000 08:02 8527325                    /usr/lib/jvm/java-8-openjdk-amd64/jre/lib/ext/zipfs.jar
7f6984003000-7f6984354000 rw-p 00000000 00:00 0 
7f6984354000-7f6984524000 r--s 03c68000 08:02 8390900                    /usr/lib/jvm/java-8-openjdk-amd64/jre/lib/rt.jar
7f6984524000-7f69846fe000 rw-p 00000000 00:00 0 
7f69846fe000-7f69846ff000 ---p 00000000 00:00 0 
7f69846ff000-7f69847ff000 rw-p 00000000 00:00 0 
7f69847ff000-7f6984800000 ---p 00000000 00:00 0 
7f6984800000-7f6984900000 rw-p 00000000 00:00 0 
7f6984900000-7f6984901000 ---p 00000000 00:00 0 
7f6984901000-7f6984a01000 rw-p 00000000 00:00 0 
7f6984a01000-7f6984a02000 ---p 00000000 00:00 0 
7f6984a02000-7f6984b16000 rw-p 00000000 00:00 0 
7f6984b16000-7f6984c3e000 ---p 00000000 00:00 0 
7f6984c3e000-7f6984c52000 rw-p 00000000 00:00 0 
7f6984c52000-7f6984d7a000 ---p 00000000 00:00 0 
7f6984d7a000-7f6984d84000 rw-p 00000000 00:00 0 
7f6984d84000-7f6984e18000 ---p 00000000 00:00 0 
7f6984e18000-7f6984e23000 rw-p 00000000 00:00 0 
7f6984e23000-7f69851d9000 ---p 00000000 00:00 0 
7f69851d9000-7f69851e1000 r-xp 00000000 08:02 8527349                    /usr/lib/jvm/java-8-openjdk-amd64/jre/lib/amd64/libzip.so
7f69851e1000-7f69853e0000 ---p 00008000 08:02 8527349                    /usr/lib/jvm/java-8-openjdk-amd64/jre/lib/amd64/libzip.so
7f69853e0000-7f69853e1000 r--p 00007000 08:02 8527349                    /usr/lib/jvm/java-8-openjdk-amd64/jre/lib/amd64/libzip.so
7f69853e1000-7f69853e2000 rw-p 00008000 08:02 8527349                    /usr/lib/jvm/java-8-openjdk-amd64/jre/lib/amd64/libzip.so
7f69853e2000-7f69853ed000 r-xp 00000000 08:02 266099                     /lib/x86_64-linux-gnu/libnss_files-2.23.so
7f69853ed000-7f69855ec000 ---p 0000b000 08:02 266099                     /lib/x86_64-linux-gnu/libnss_files-2.23.so
7f69855ec000-7f69855ed000 r--p 0000a000 08:02 266099                     /lib/x86_64-linux-gnu/libnss_files-2.23.so
7f69855ed000-7f69855ee000 rw-p 0000b000 08:02 266099                     /lib/x86_64-linux-gnu/libnss_files-2.23.so
7f69855ee000-7f69855f4000 rw-p 00000000 00:00 0 
7f69855f4000-7f69855ff000 r-xp 00000000 08:02 266085                     /lib/x86_64-linux-gnu/libnss_nis-2.23.so
7f69855ff000-7f69857fe000 ---p 0000b000 08:02 266085                     /lib/x86_64-linux-gnu/libnss_nis-2.23.so
7f69857fe000-7f69857ff000 r--p 0000a000 08:02 266085                     /lib/x86_64-linux-gnu/libnss_nis-2.23.so
7f69857ff000-7f6985800000 rw-p 0000b000 08:02 266085                     /lib/x86_64-linux-gnu/libnss_nis-2.23.so
7f6985800000-7f6985816000 r-xp 00000000 08:02 266095                     /lib/x86_64-linux-gnu/libnsl-2.23.so
7f6985816000-7f6985a15000 ---p 00016000 08:02 266095                     /lib/x86_64-linux-gnu/libnsl-2.23.so
7f6985a15000-7f6985a16000 r--p 00015000 08:02 266095                     /lib/x86_64-linux-gnu/libnsl-2.23.so
7f6985a16000-7f6985a17000 rw-p 00016000 08:02 266095                     /lib/x86_64-linux-gnu/libnsl-2.23.so
7f6985a17000-7f6985a19000 rw-p 00000000 00:00 0 
7f6985a19000-7f6985a21000 r-xp 00000000 08:02 266107                     /lib/x86_64-linux-gnu/libnss_compat-2.23.so
7f6985a21000-7f6985c20000 ---p 00008000 08:02 266107                     /lib/x86_64-linux-gnu/libnss_compat-2.23.so
7f6985c20000-7f6985c21000 r--p 00007000 08:02 266107                     /lib/x86_64-linux-gnu/libnss_compat-2.23.so
7f6985c21000-7f6985c22000 rw-p 00008000 08:02 266107                     /lib/x86_64-linux-gnu/libnss_compat-2.23.so
7f6985c22000-7f6985c2c000 r-xp 00000000 08:02 8527342                    /usr/lib/jvm/java-8-openjdk-amd64/jre/lib/amd64/libinstrument.so
7f6985c2c000-7f6985e2b000 ---p 0000a000 08:02 8527342                    /usr/lib/jvm/java-8-openjdk-amd64/jre/lib/amd64/libinstrument.so
7f6985e2b000-7f6985e2c000 r--p 00009000 08:02 8527342                    /usr/lib/jvm/java-8-openjdk-amd64/jre/lib/amd64/libinstrument.so
7f6985e2c000-7f6985e2d000 rw-p 0000a000 08:02 8527342                    /usr/lib/jvm/java-8-openjdk-amd64/jre/lib/amd64/libinstrument.so
7f6985e2d000-7f6986105000 r--p 00000000 08:02 8126529                    /usr/lib/locale/locale-archive
7f6986105000-7f6986107000 r-xp 00000000 08:02 8527339                    /usr/lib/jvm/java-8-openjdk-amd64/jre/lib/amd64/libnpt.so
7f6986107000-7f6986307000 ---p 00002000 08:02 8527339                    /usr/lib/jvm/java-8-openjdk-amd64/jre/lib/amd64/libnpt.so
7f6986307000-7f6986308000 r--p 00002000 08:02 8527339                    /usr/lib/jvm/java-8-openjdk-amd64/jre/lib/amd64/libnpt.so
7f6986308000-7f6986309000 rw-p 00003000 08:02 8527339                    /usr/lib/jvm/java-8-openjdk-amd64/jre/lib/amd64/libnpt.so
7f6986309000-7f6986344000 r-xp 00000000 08:02 8527350                    /usr/lib/jvm/java-8-openjdk-amd64/jre/lib/amd64/libjdwp.so
7f6986344000-7f6986544000 ---p 0003b000 08:02 8527350                    /usr/lib/jvm/java-8-openjdk-amd64/jre/lib/amd64/libjdwp.so
7f6986544000-7f6986545000 r--p 0003b000 08:02 8527350                    /usr/lib/jvm/java-8-openjdk-amd64/jre/lib/amd64/libjdwp.so
7f6986545000-7f6986546000 rw-p 0003c000 08:02 8527350                    /usr/lib/jvm/java-8-openjdk-amd64/jre/lib/amd64/libjdwp.so
7f6986546000-7f698656f000 r-xp 00000000 08:02 8527360                    /usr/lib/jvm/java-8-openjdk-amd64/jre/lib/amd64/libjava.so
7f698656f000-7f698676f000 ---p 00029000 08:02 8527360                    /usr/lib/jvm/java-8-openjdk-amd64/jre/lib/amd64/libjava.so
7f698676f000-7f6986770000 r--p 00029000 08:02 8527360                    /usr/lib/jvm/java-8-openjdk-amd64/jre/lib/amd64/libjava.so
7f6986770000-7f6986772000 rw-p 0002a000 08:02 8527360                    /usr/lib/jvm/java-8-openjdk-amd64/jre/lib/amd64/libjava.so
7f6986772000-7f6986781000 r-xp 00000000 08:02 8527345                    /usr/lib/jvm/java-8-openjdk-amd64/jre/lib/amd64/libverify.so
7f6986781000-7f6986980000 ---p 0000f000 08:02 8527345                    /usr/lib/jvm/java-8-openjdk-amd64/jre/lib/amd64/libverify.so
7f6986980000-7f6986982000 r--p 0000e000 08:02 8527345                    /usr/lib/jvm/java-8-openjdk-amd64/jre/lib/amd64/libverify.so
7f6986982000-7f6986983000 rw-p 00010000 08:02 8527345                    /usr/lib/jvm/java-8-openjdk-amd64/jre/lib/amd64/libverify.so
7f6986983000-7f698698a000 r-xp 00000000 08:02 262401                     /lib/x86_64-linux-gnu/librt-2.23.so
7f698698a000-7f6986b89000 ---p 00007000 08:02 262401                     /lib/x86_64-linux-gnu/librt-2.23.so
7f6986b89000-7f6986b8a000 r--p 00006000 08:02 262401                     /lib/x86_64-linux-gnu/librt-2.23.so
7f6986b8a000-7f6986b8b000 rw-p 00007000 08:02 262401                     /lib/x86_64-linux-gnu/librt-2.23.so
7f6986b8b000-7f6986ba1000 r-xp 00000000 08:02 266719                     /lib/x86_64-linux-gnu/libgcc_s.so.1
7f6986ba1000-7f6986da0000 ---p 00016000 08:02 266719                     /lib/x86_64-linux-gnu/libgcc_s.so.1
7f6986da0000-7f6986da1000 rw-p 00015000 08:02 266719                     /lib/x86_64-linux-gnu/libgcc_s.so.1
7f6986da1000-7f6986ea9000 r-xp 00000000 08:02 266109                     /lib/x86_64-linux-gnu/libm-2.23.so
7f6986ea9000-7f69870a8000 ---p 00108000 08:02 266109                     /lib/x86_64-linux-gnu/libm-2.23.so
7f69870a8000-7f69870a9000 r--p 00107000 08:02 266109                     /lib/x86_64-linux-gnu/libm-2.23.so
7f69870a9000-7f69870aa000 rw-p 00108000 08:02 266109                     /lib/x86_64-linux-gnu/libm-2.23.so
7f69870aa000-7f698721c000 r-xp 00000000 08:02 8126588                    /usr/lib/x86_64-linux-gnu/libstdc++.so.6.0.21
7f698721c000-7f698741c000 ---p 00172000 08:02 8126588                    /usr/lib/x86_64-linux-gnu/libstdc++.so.6.0.21
7f698741c000-7f6987426000 r--p 00172000 08:02 8126588                    /usr/lib/x86_64-linux-gnu/libstdc++.so.6.0.21
7f6987426000-7f6987428000 rw-p 0017c000 08:02 8126588                    /usr/lib/x86_64-linux-gnu/libstdc++.so.6.0.21
7f6987428000-7f698742c000 rw-p 00000000 00:00 0 
7f698742c000-7f6988094000 r-xp 00000000 08:02 8527363                    /usr/lib/jvm/java-8-openjdk-amd64/jre/lib/amd64/server/libjvm.so
7f6988094000-7f6988294000 ---p 00c68000 08:02 8527363                    /usr/lib/jvm/java-8-openjdk-amd64/jre/lib/amd64/server/libjvm.so
7f6988294000-7f6988328000 r--p 00c68000 08:02 8527363                    /usr/lib/jvm/java-8-openjdk-amd64/jre/lib/amd64/server/libjvm.so
7f6988328000-7f6988351000 rw-p 00cfc000 08:02 8527363                    /usr/lib/jvm/java-8-openjdk-amd64/jre/lib/amd64/server/libjvm.so
7f6988351000-7f6988381000 rw-p 00000000 00:00 0 
7f6988381000-7f6988399000 r-xp 00000000 08:02 262414                     /lib/x86_64-linux-gnu/libpthread-2.23.so
7f6988399000-7f6988598000 ---p 00018000 08:02 262414                     /lib/x86_64-linux-gnu/libpthread-2.23.so
7f6988598000-7f6988599000 r--p 00017000 08:02 262414                     /lib/x86_64-linux-gnu/libpthread-2.23.so
7f6988599000-7f698859a000 rw-p 00018000 08:02 262414                     /lib/x86_64-linux-gnu/libpthread-2.23.so
7f698859a000-7f698859e000 rw-p 00000000 00:00 0 
7f698859e000-7f69885a1000 r-xp 00000000 08:02 262409                     /lib/x86_64-linux-gnu/libdl-2.23.so
7f69885a1000-7f69887a0000 ---p 00003000 08:02 262409                     /lib/x86_64-linux-gnu/libdl-2.23.so
7f69887a0000-7f69887a1000 r--p 00002000 08:02 262409                     /lib/x86_64-linux-gnu/libdl-2.23.so
7f69887a1000-7f69887a2000 rw-p 00003000 08:02 262409                     /lib/x86_64-linux-gnu/libdl-2.23.so
7f69887a2000-7f69887bb000 r-xp 00000000 08:02 263111                     /lib/x86_64-linux-gnu/libz.so.1.2.8
7f69887bb000-7f69889ba000 ---p 00019000 08:02 263111                     /lib/x86_64-linux-gnu/libz.so.1.2.8
7f69889ba000-7f69889bb000 r--p 00018000 08:02 263111                     /lib/x86_64-linux-gnu/libz.so.1.2.8
7f69889bb000-7f69889bc000 rw-p 00019000 08:02 263111                     /lib/x86_64-linux-gnu/libz.so.1.2.8
7f69889bc000-7f6988b7c000 r-xp 00000000 08:02 266105                     /lib/x86_64-linux-gnu/libc-2.23.so
7f6988b7c000-7f6988d7c000 ---p 001c0000 08:02 266105                     /lib/x86_64-linux-gnu/libc-2.23.so
7f6988d7c000-7f6988d80000 r--p 001c0000 08:02 266105                     /lib/x86_64-linux-gnu/libc-2.23.so
7f6988d80000-7f6988d82000 rw-p 001c4000 08:02 266105                     /lib/x86_64-linux-gnu/libc-2.23.so
7f6988d82000-7f6988d86000 rw-p 00000000 00:00 0 
7f6988d86000-7f6988d93000 r-xp 00000000 08:02 8527352                    /usr/lib/jvm/java-8-openjdk-amd64/jre/lib/amd64/jli/libjli.so
7f6988d93000-7f6988f93000 ---p 0000d000 08:02 8527352                    /usr/lib/jvm/java-8-openjdk-amd64/jre/lib/amd64/jli/libjli.so
7f6988f93000-7f6988f94000 r--p 0000d000 08:02 8527352                    /usr/lib/jvm/java-8-openjdk-amd64/jre/lib/amd64/jli/libjli.so
7f6988f94000-7f6988f95000 rw-p 0000e000 08:02 8527352                    /usr/lib/jvm/java-8-openjdk-amd64/jre/lib/amd64/jli/libjli.so
7f6988f95000-7f6988fbb000 r-xp 00000000 08:02 262411                     /lib/x86_64-linux-gnu/ld-2.23.so
7f6988fbb000-7f6988fbe000 r--s 0000f000 08:02 8527328                    /usr/lib/jvm/java-8-openjdk-amd64/jre/lib/ext/icedtea-sound.jar
7f6988fbe000-7f6988fc0000 r--s 00001000 08:02 8527324                    /usr/lib/jvm/java-8-openjdk-amd64/jre/lib/ext/dnsns.jar
7f6988fc0000-7f6988fc4000 r--s 0003a000 08:02 8527320                    /usr/lib/jvm/java-8-openjdk-amd64/jre/lib/ext/sunpkcs11.jar
7f6988fc4000-7f6989095000 rw-p 00000000 00:00 0 
7f6989095000-7f6989098000 ---p 00000000 00:00 0 
7f6989098000-7f698919a000 rw-p 00000000 00:00 0 
7f698919a000-7f698919b000 r--s 0000d000 08:02 8527326                    /usr/lib/jvm/java-8-openjdk-amd64/jre/lib/ext/sunec.jar
7f698919b000-7f698919c000 r--s 0000a000 08:02 8527327                    /usr/lib/jvm/java-8-openjdk-amd64/jre/lib/ext/jaccess.jar
7f698919c000-7f69891af000 rw-p 00000000 00:00 0 
7f69891af000-7f69891b7000 rw-s 00000000 08:02 15204535                   /tmp/hsperfdata_vinit/19299
7f69891b7000-7f69891b8000 rw-p 00000000 00:00 0 
7f69891b8000-7f69891b9000 r--p 00000000 00:00 0 
7f69891b9000-7f69891ba000 rw-p 00000000 00:00 0 
7f69891ba000-7f69891bb000 r--p 00025000 08:02 262411                     /lib/x86_64-linux-gnu/ld-2.23.so
7f69891bb000-7f69891bc000 rw-p 00026000 08:02 262411                     /lib/x86_64-linux-gnu/ld-2.23.so
7f69891bc000-7f69891bd000 rw-p 00000000 00:00 0 
7ffc979cc000-7ffc979ed000 rw-p 00000000 00:00 0                          [stack]
7ffc979f1000-7ffc979f4000 r--p 00000000 00:00 0                          [vvar]
7ffc979f4000-7ffc979f6000 r-xp 00000000 00:00 0                          [vdso]
ffffffffff600000-ffffffffff601000 r-xp 00000000 00:00 0                  [vsyscall]

VM Arguments:
jvm_args: -agentlib:jdwp=transport=dt_socket,suspend=y,address=localhost:42381 -javaagent:/home/vinit/.eclipse/org.springsource.sts_3.9.5.RELEASE_1093489691_linux_gtk_x86_64/configuration/org.eclipse.osgi/311/0/.cp/lib/javaagent-shaded.jar -Dfile.encoding=UTF-8 
java_command: graph.ShortestPathUnweightedGraph
java_class_path (initial): /usr/lib/jvm/java-8-openjdk-amd64/jre/lib/resources.jar:/usr/lib/jvm/java-8-openjdk-amd64/jre/lib/rt.jar:/usr/lib/jvm/java-8-openjdk-amd64/jre/lib/jsse.jar:/usr/lib/jvm/java-8-openjdk-amd64/jre/lib/jce.jar:/usr/lib/jvm/java-8-openjdk-amd64/jre/lib/charsets.jar:/usr/lib/jvm/java-8-openjdk-amd64/jre/lib/ext/sunpkcs11.jar:/usr/lib/jvm/java-8-openjdk-amd64/jre/lib/ext/jaccess.jar:/usr/lib/jvm/java-8-openjdk-amd64/jre/lib/ext/dnsns.jar:/usr/lib/jvm/java-8-openjdk-amd64/jre/lib/ext/sunec.jar:/usr/lib/jvm/java-8-openjdk-amd64/jre/lib/ext/icedtea-sound.jar:/usr/lib/jvm/java-8-openjdk-amd64/jre/lib/ext/zipfs.jar:/usr/lib/jvm/java-8-openjdk-amd64/jre/lib/ext/localedata.jar:/usr/lib/jvm/java-8-openjdk-amd64/jre/lib/ext/nashorn.jar:/usr/lib/jvm/java-8-openjdk-amd64/jre/lib/ext/sunjce_provider.jar:/usr/lib/jvm/java-8-openjdk-amd64/jre/lib/ext/cldrdata.jar:/home/vinit/workspace/LINKEDIN_DATASTRUCTURE/bin:/home/vinit/.eclipse/org.springsource.sts_3.9.5.RELEASE_1093489691_linux_gtk_x86_64/configuration/org.eclipse.osgi/311/0/.cp/lib/javaagent-shaded.jar
Launcher Type: SUN_STANDARD

Environment Variables:
PATH=/home/vinit/bin:/home/vinit/.local/bin:/usr/local/sbin:/usr/local/bin:/usr/sbin:/usr/bin:/sbin:/bin:/usr/games:/usr/local/games:/snap/bin
SHELL=/bin/bash
DISPLAY=:0

Signal Handlers:
SIGSEGV: [libjvm.so+0xa7b8f0], sa_mask[0]=11111111011111111101111111111110, sa_flags=SA_RESTART|SA_SIGINFO
SIGBUS: [libjvm.so+0xa7b8f0], sa_mask[0]=11111111011111111101111111111110, sa_flags=SA_RESTART|SA_SIGINFO
SIGFPE: [libjvm.so+0x8c3a90], sa_mask[0]=11111111011111111101111111111110, sa_flags=SA_RESTART|SA_SIGINFO
SIGPIPE: [libjvm.so+0x8c3a90], sa_mask[0]=11111111011111111101111111111110, sa_flags=SA_RESTART|SA_SIGINFO
SIGXFSZ: [libjvm.so+0x8c3a90], sa_mask[0]=11111111011111111101111111111110, sa_flags=SA_RESTART|SA_SIGINFO
SIGILL: [libjvm.so+0x8c3a90], sa_mask[0]=11111111011111111101111111111110, sa_flags=SA_RESTART|SA_SIGINFO
SIGUSR1: SIG_DFL, sa_mask[0]=00000000000000000000000000000000, sa_flags=none
SIGUSR2: [libjvm.so+0x8c3940], sa_mask[0]=00100000000000000000000000000000, sa_flags=SA_RESTART|SA_SIGINFO
SIGHUP: [libjvm.so+0x8c3fd0], sa_mask[0]=11111111011111111101111111111110, sa_flags=SA_RESTART|SA_SIGINFO
SIGINT: [libjvm.so+0x8c3fd0], sa_mask[0]=11111111011111111101111111111110, sa_flags=SA_RESTART|SA_SIGINFO
SIGTERM: [libjvm.so+0x8c3fd0], sa_mask[0]=11111111011111111101111111111110, sa_flags=SA_RESTART|SA_SIGINFO
SIGQUIT: [libjvm.so+0x8c3fd0], sa_mask[0]=11111111011111111101111111111110, sa_flags=SA_RESTART|SA_SIGINFO


---------------  S Y S T E M  ---------------

OS:DISTRIB_ID=Ubuntu
DISTRIB_RELEASE=16.04
DISTRIB_CODENAME=xenial
DISTRIB_DESCRIPTION="Ubuntu 16.04.6 LTS"

uname:Linux 4.15.0-88-generic #88~16.04.1-Ubuntu SMP Wed Feb 12 04:19:15 UTC 2020 x86_64
libc:glibc 2.23 NPTL 2.23 
rlimit: STACK 8192k, CORE 0k, NPROC 14193, NOFILE 1048576, AS infinity
load average:0.48 0.87 1.01

/proc/meminfo:
MemTotal:        3882884 kB
MemFree:          402712 kB
MemAvailable:     712152 kB
Buffers:           43608 kB
Cached:           753780 kB
SwapCached:        39820 kB
Active:          2575508 kB
Inactive:         676340 kB
Active(anon):    2351128 kB
Inactive(anon):   417832 kB
Active(file):     224380 kB
Inactive(file):   258508 kB
Unevictable:         112 kB
Mlocked:             112 kB
SwapTotal:       4036604 kB
SwapFree:        3543036 kB
Dirty:              3360 kB
Writeback:             0 kB
AnonPages:       2417748 kB
Mapped:           390592 kB
Shmem:            314500 kB
Slab:             107520 kB
SReclaimable:      57844 kB
SUnreclaim:        49676 kB
KernelStack:       13528 kB
PageTables:        58408 kB
NFS_Unstable:          0 kB
Bounce:                0 kB
WritebackTmp:          0 kB
CommitLimit:     5978044 kB
Committed_AS:    9768056 kB
VmallocTotal:   34359738367 kB
VmallocUsed:           0 kB
VmallocChunk:          0 kB
HardwareCorrupted:     0 kB
AnonHugePages:         0 kB
ShmemHugePages:        0 kB
ShmemPmdMapped:        0 kB
CmaTotal:              0 kB
CmaFree:               0 kB
HugePages_Total:       0
HugePages_Free:        0
HugePages_Rsvd:        0
HugePages_Surp:        0
Hugepagesize:       2048 kB
DirectMap4k:      243508 kB
DirectMap2M:     3794944 kB

container (cgroup) information:
container_type: cgroupv1
cpu_cpuset_cpus: 0-3
cpu_memory_nodes: 0
active_processor_count: 4
cpu_quota: -1
cpu_period: 100000
cpu_shares: -1
memory_limit_in_bytes: -1
memory_and_swap_limit_in_bytes: -2
memory_soft_limit_in_bytes: -1
memory_usage_in_bytes: 3329961984
memory_max_usage_in_bytes: 11198464


CPU:total 4 (initial active 4) (2 cores per cpu, 2 threads per core) family 6 model 58 stepping 9, cmov, cx8, fxsr, mmx, sse, sse2, sse3, ssse3, sse4.1, sse4.2, popcnt, avx, aes, clmul, erms, ht, tsc, tscinvbit, tscinv

/proc/cpuinfo:
processor	: 0
vendor_id	: GenuineIntel
cpu family	: 6
model		: 58
model name	: Intel(R) Core(TM) i5-3210M CPU @ 2.50GHz
stepping	: 9
microcode	: 0x21
cpu MHz		: 2484.783
cache size	: 3072 KB
physical id	: 0
siblings	: 4
core id		: 0
cpu cores	: 2
apicid		: 0
initial apicid	: 0
fpu		: yes
fpu_exception	: yes
cpuid level	: 13
wp		: yes
flags		: fpu vme de pse tsc msr pae mce cx8 apic sep mtrr pge mca cmov pat pse36 clflush dts acpi mmx fxsr sse sse2 ss ht tm pbe syscall nx rdtscp lm constant_tsc arch_perfmon pebs bts rep_good nopl xtopology nonstop_tsc cpuid aperfmperf pni pclmulqdq dtes64 monitor ds_cpl vmx est tm2 ssse3 cx16 xtpr pdcm pcid sse4_1 sse4_2 x2apic popcnt tsc_deadline_timer aes xsave avx f16c rdrand lahf_lm cpuid_fault epb pti ssbd ibrs ibpb stibp tpr_shadow vnmi flexpriority ept vpid fsgsbase smep erms xsaveopt dtherm ida arat pln pts md_clear flush_l1d
bugs		: cpu_meltdown spectre_v1 spectre_v2 spec_store_bypass l1tf mds swapgs itlb_multihit
bogomips	: 4989.14
clflush size	: 64
cache_alignment	: 64
address sizes	: 36 bits physical, 48 bits virtual
power management:

processor	: 1
vendor_id	: GenuineIntel
cpu family	: 6
model		: 58
model name	: Intel(R) Core(TM) i5-3210M CPU @ 2.50GHz
stepping	: 9
microcode	: 0x21
cpu MHz		: 2673.077
cache size	: 3072 KB
physical id	: 0
siblings	: 4
core id		: 0
cpu cores	: 2
apicid		: 1
initial apicid	: 1
fpu		: yes
fpu_exception	: yes
cpuid level	: 13
wp		: yes
flags		: fpu vme de pse tsc msr pae mce cx8 apic sep mtrr pge mca cmov pat pse36 clflush dts acpi mmx fxsr sse sse2 ss ht tm pbe syscall nx rdtscp lm constant_tsc arch_perfmon pebs bts rep_good nopl xtopology nonstop_tsc cpuid aperfmperf pni pclmulqdq dtes64 monitor ds_cpl vmx est tm2 ssse3 cx16 xtpr pdcm pcid sse4_1 sse4_2 x2apic popcnt tsc_deadline_timer aes xsave avx f16c rdrand lahf_lm cpuid_fault epb pti ssbd ibrs ibpb stibp tpr_shadow vnmi flexpriority ept vpid fsgsbase smep erms xsaveopt dtherm ida arat pln pts md_clear flush_l1d
bugs		: cpu_meltdown spectre_v1 spectre_v2 spec_store_bypass l1tf mds swapgs itlb_multihit
bogomips	: 4989.14
clflush size	: 64
cache_alignment	: 64
address sizes	: 36 bits physical, 48 bits virtual
power management:

processor	: 2
vendor_id	: GenuineIntel
cpu family	: 6
model		: 58
model name	: Intel(R) Core(TM) i5-3210M CPU @ 2.50GHz
stepping	: 9
microcode	: 0x21
cpu MHz		: 2430.558
cache size	: 3072 KB
physical id	: 0
siblings	: 4
core id		: 1
cpu cores	: 2
apicid		: 2
initial apicid	: 2
fpu		: yes
fpu_exception	: yes
cpuid level	: 13
wp		: yes
flags		: fpu vme de pse tsc msr pae mce cx8 apic sep mtrr pge mca cmov pat pse36 clflush dts acpi mmx fxsr sse sse2 ss ht tm pbe syscall nx rdtscp lm constant_tsc arch_perfmon pebs bts rep_good nopl xtopology nonstop_tsc cpuid aperfmperf pni pclmulqdq dtes64 monitor ds_cpl vmx est tm2 ssse3 cx16 xtpr pdcm pcid sse4_1 sse4_2 x2apic popcnt tsc_deadline_timer aes xsave avx f16c rdrand lahf_lm cpuid_fault epb pti ssbd ibrs ibpb stibp tpr_shadow vnmi flexpriority ept vpid fsgsbase smep erms xsaveopt dtherm ida arat pln pts md_clear flush_l1d
bugs		: cpu_meltdown spectre_v1 spectre_v2 spec_store_bypass l1tf mds swapgs itlb_multihit
bogomips	: 4989.14
clflush size	: 64
cache_alignment	: 64
address sizes	: 36 bits physical, 48 bits virtual
power management:

processor	: 3
vendor_id	: GenuineIntel
cpu family	: 6
model		: 58
model name	: Intel(R) Core(TM) i5-3210M CPU @ 2.50GHz
stepping	: 9
microcode	: 0x21
cpu MHz		: 2538.796
cache size	: 3072 KB
physical id	: 0
siblings	: 4
core id		: 1
cpu cores	: 2
apicid		: 3
initial apicid	: 3
fpu		: yes
fpu_exception	: yes
cpuid level	: 13
wp		: yes
flags		: fpu vme de pse tsc msr pae mce cx8 apic sep mtrr pge mca cmov pat pse36 clflush dts acpi mmx fxsr sse sse2 ss ht tm pbe syscall nx rdtscp lm constant_tsc arch_perfmon pebs bts rep_good nopl xtopology nonstop_tsc cpuid aperfmperf pni pclmulqdq dtes64 monitor ds_cpl vmx est tm2 ssse3 cx16 xtpr pdcm pcid sse4_1 sse4_2 x2apic popcnt tsc_deadline_timer aes xsave avx f16c rdrand lahf_lm cpuid_fault epb pti ssbd ibrs ibpb stibp tpr_shadow vnmi flexpriority ept vpid fsgsbase smep erms xsaveopt dtherm ida arat pln pts md_clear flush_l1d
bugs		: cpu_meltdown spectre_v1 spectre_v2 spec_store_bypass l1tf mds swapgs itlb_multihit
bogomips	: 4989.14
clflush size	: 64
cache_alignment	: 64
address sizes	: 36 bits physical, 48 bits virtual
power management:



Memory: 4k page, physical 3882884k(399248k free), swap 4036604k(3543036k free)

vm_info: OpenJDK 64-Bit Server VM (25.242-b08) for linux-amd64 JRE (1.8.0_242-8u242-b08-0ubuntu3~16.04-b08), built on Jan 18 2020 03:34:56 by "buildd" with gcc 5.4.0 20160609

time: Tue Mar 17 03:48:05 2020
timezone: IST
elapsed time: 127 seconds (0d 0h 2m 7s)

